<?xml version="1.0" encoding="UTF-8"?>
<testsuite name="packages.returninfo.ServerMainEndpointHandlerTest" tests="2" skipped="0" failures="0" errors="0" timestamp="2021-11-25T20:51:06" hostname="user4-207.wdw-res.utoronto.ca" time="19.923">
  <properties/>
  <testcase name="httpResponseSenso()" classname="packages.returninfo.ServerMainEndpointHandlerTest" time="5.254"/>
  <testcase name="httpResponseSensoNoPreference()" classname="packages.returninfo.ServerMainEndpointHandlerTest" time="14.669"/>
  <system-out><![CDATA[==== POST Request Received ====
==== POST Response Sent ====
==== POST Request Received ====
==== POST Response Sent ====
]]></system-out>
  <system-err><![CDATA[]]></system-err>
</testsuite>
