<?xml version="1.0" encoding="UTF-8"?>
<testsuite name="packages.responseformatting.HttpResponseMainTest" tests="1" skipped="0" failures="0" errors="0" timestamp="2021-11-25T20:51:02" hostname="user4-207.wdw-res.utoronto.ca" time="0.001">
  <properties/>
  <testcase name="getContent()" classname="packages.responseformatting.HttpResponseMainTest" time="0.001"/>
  <system-out><![CDATA[{"1":"Test","2":"Test2"}]]></system-out>
  <system-err><![CDATA[]]></system-err>
</testsuite>
