<?xml version="1.0" encoding="UTF-8"?>
<testsuite name="packages.informationmanipulation.ReturnMultipleCarsTest" tests="2" skipped="0" failures="0" errors="0" timestamp="2021-11-25T20:51:00" hostname="user4-207.wdw-res.utoronto.ca" time="0.528">
  <properties/>
  <testcase name="AllCars: Basic Case" classname="packages.informationmanipulation.ReturnMultipleCarsTest" time="0.199"/>
  <testcase name="FilteredCars: Basic Case" classname="packages.informationmanipulation.ReturnMultipleCarsTest" time="0.329"/>
  <system-out><![CDATA[]]></system-out>
  <system-err><![CDATA[]]></system-err>
</testsuite>
