<?xml version="1.0" encoding="UTF-8"?>
<testsuite name="packages.backendlogic.UserTest" tests="20" skipped="0" failures="0" errors="0" timestamp="2021-11-25T20:51:02" hostname="user4-207.wdw-res.utoronto.ca" time="0.021">
  <properties/>
  <testcase name="getLocationAdvanced()" classname="packages.backendlogic.UserTest" time="0.001"/>
  <testcase name="getMonthlyincomeAdvanced()" classname="packages.backendlogic.UserTest" time="0.0"/>
  <testcase name="isHomeownerAdvanced()" classname="packages.backendlogic.UserTest" time="0.0"/>
  <testcase name="getMonthlydebtAdvanced()" classname="packages.backendlogic.UserTest" time="0.0"/>
  <testcase name="isHomeownerBasic()" classname="packages.backendlogic.UserTest" time="0.0"/>
  <testcase name="getDownpaymentAdvanced()" classname="packages.backendlogic.UserTest" time="0.001"/>
  <testcase name="isEmployedBasic()" classname="packages.backendlogic.UserTest" time="0.0"/>
  <testcase name="getMonthlyincomeBasic()" classname="packages.backendlogic.UserTest" time="0.0"/>
  <testcase name="getDownpaymentBasic()" classname="packages.backendlogic.UserTest" time="0.0"/>
  <testcase name="getMonthlydebtBasic()" classname="packages.backendlogic.UserTest" time="0.0"/>
  <testcase name="getCreditscoreBasic()" classname="packages.backendlogic.UserTest" time="0.0"/>
  <testcase name="isEmployedAdvanced()" classname="packages.backendlogic.UserTest" time="0.001"/>
  <testcase name="getNameBasic()" classname="packages.backendlogic.UserTest" time="0.0"/>
  <testcase name="getPriceRangeAdvanced()" classname="packages.backendlogic.UserTest" time="0.0"/>
  <testcase name="getLocationBasic()" classname="packages.backendlogic.UserTest" time="0.0"/>
  <testcase name="getCreditscoreAdvanced()" classname="packages.backendlogic.UserTest" time="0.001"/>
  <testcase name="getPriceRangeBasic()" classname="packages.backendlogic.UserTest" time="0.0"/>
  <testcase name="getMonthlybudgetBasic()" classname="packages.backendlogic.UserTest" time="0.001"/>
  <testcase name="getNameAdvanced()" classname="packages.backendlogic.UserTest" time="0.0"/>
  <testcase name="getMonthlybudgetAdvanced()" classname="packages.backendlogic.UserTest" time="0.0"/>
  <system-out><![CDATA[]]></system-out>
  <system-err><![CDATA[]]></system-err>
</testsuite>
