<?xml version="1.0" encoding="UTF-8"?>
<testsuite name="packages.connectouterentity.ConnectSensoScoreAPITest" tests="2" skipped="0" failures="0" errors="0" timestamp="2021-11-25T20:51:02" hostname="user4-207.wdw-res.utoronto.ca" time="0.681">
  <properties/>
  <testcase name="getReturnInfo()" classname="packages.connectouterentity.ConnectSensoScoreAPITest" time="0.178"/>
  <testcase name="pingSensoAPI()" classname="packages.connectouterentity.ConnectSensoScoreAPITest" time="0.501"/>
  <system-out><![CDATA[]]></system-out>
  <system-err><![CDATA[]]></system-err>
</testsuite>
