<?xml version="1.0" encoding="UTF-8"?>
<testsuite name="packages.backendlogic.UserFactoryTest" tests="2" skipped="0" failures="0" errors="0" timestamp="2021-11-25T20:51:02" hostname="user4-207.wdw-res.utoronto.ca" time="0.001">
  <properties/>
  <testcase name="createUser2()" classname="packages.backendlogic.UserFactoryTest" time="0.0"/>
  <testcase name="createUser()" classname="packages.backendlogic.UserFactoryTest" time="0.0"/>
  <system-out><![CDATA[]]></system-out>
  <system-err><![CDATA[]]></system-err>
</testsuite>
