<?xml version="1.0" encoding="UTF-8"?>
<testsuite name="packages.backendlogic.CarListTest" tests="4" skipped="0" failures="0" errors="0" timestamp="2021-11-25T20:51:02" hostname="user4-207.wdw-res.utoronto.ca" time="0.004">
  <properties/>
  <testcase name="getCar()" classname="packages.backendlogic.CarListTest" time="0.001"/>
  <testcase name="sizeNonEmpty()" classname="packages.backendlogic.CarListTest" time="0.0"/>
  <testcase name="sizeEmpty()" classname="packages.backendlogic.CarListTest" time="0.0"/>
  <testcase name="AddToList()" classname="packages.backendlogic.CarListTest" time="0.001"/>
  <system-out><![CDATA[]]></system-out>
  <system-err><![CDATA[]]></system-err>
</testsuite>
