<?xml version="1.0" encoding="UTF-8"?>
<testsuite name="packages.backendlogic.CarTest" tests="5" skipped="0" failures="0" errors="0" timestamp="2021-11-25T20:51:02" hostname="user4-207.wdw-res.utoronto.ca" time="0.008">
  <properties/>
  <testcase name="getKMS()" classname="packages.backendlogic.CarTest" time="0.001"/>
  <testcase name="returnID()" classname="packages.backendlogic.CarTest" time="0.0"/>
  <testcase name="getYear()" classname="packages.backendlogic.CarTest" time="0.0"/>
  <testcase name="getBrand()" classname="packages.backendlogic.CarTest" time="0.0"/>
  <testcase name="getPrice()" classname="packages.backendlogic.CarTest" time="0.0"/>
  <system-out><![CDATA[]]></system-out>
  <system-err><![CDATA[]]></system-err>
</testsuite>
