<?xml version="1.0" encoding="UTF-8"?>
<testsuite name="packages.returninfo.ReturnDatabaseInfoTest" tests="2" skipped="0" failures="0" errors="0" timestamp="2021-11-25T20:51:05" hostname="user4-207.wdw-res.utoronto.ca" time="0.31">
  <properties/>
  <testcase name="httpResponseMain()" classname="packages.returninfo.ReturnDatabaseInfoTest" time="0.106"/>
  <testcase name="getContent()" classname="packages.returninfo.ReturnDatabaseInfoTest" time="0.203"/>
  <system-out><![CDATA[==== Connecting to Autotrader Database ====
==== Returning Car Information for Car 1 ====
{Model Year=2021, Car=Hyundai Sonata Ultimate, Mileage=10323, Car Type=Convertible, Photo=https://www.hyundaionhuntclub.com/vimgs/usd00hyc031d022004/IOF_H600/ColourPhotoSample_0.jpg, ID=1, Cost=35649, Dealership=Guelph Hyundai}]]></system-out>
  <system-err><![CDATA[]]></system-err>
</testsuite>
