<?xml version="1.0" encoding="UTF-8"?>
<testsuite name="packages.returninfo.RootEndpointHandlerTest" tests="1" skipped="0" failures="0" errors="0" timestamp="2021-11-25T20:51:05" hostname="user4-207.wdw-res.utoronto.ca" time="0.001">
  <properties/>
  <testcase name="index()" classname="packages.returninfo.RootEndpointHandlerTest" time="0.001"/>
  <system-out><![CDATA[]]></system-out>
  <system-err><![CDATA[]]></system-err>
</testsuite>
